{"/home/ctex/projects/cqrs/src/unit-test-helpers.js": {"path":"/home/ctex/projects/cqrs/src/unit-test-helpers.js","statementMap":{"0":{"start":{"line":1,"column":18},"end":{"line":1,"column":33}},"1":{"start":{"line":2,"column":16},"end":{"line":2,"column":34}},"2":{"start":{"line":5,"column":16},"end":{"line":30,"column":1}},"3":{"start":{"line":32,"column":15},"end":{"line":41,"column":1}},"4":{"start":{"line":34,"column":22},"end":{"line":34,"column":24}},"5":{"start":{"line":35,"column":4},"end":{"line":38,"column":4}},"6":{"start":{"line":39,"column":4},"end":{"line":39,"column":21}},"7":{"start":{"line":43,"column":25},"end":{"line":49,"column":1}},"8":{"start":{"line":44,"column":28},"end":{"line":44,"column":62}},"9":{"start":{"line":44,"column":43},"end":{"line":44,"column":60}},"10":{"start":{"line":44,"column":57},"end":{"line":44,"column":60}},"11":{"start":{"line":45,"column":14},"end":{"line":45,"column":42}},"12":{"start":{"line":46,"column":25},"end":{"line":46,"column":64}},"13":{"start":{"line":47,"column":15},"end":{"line":47,"column":44}},"14":{"start":{"line":48,"column":15},"end":{"line":48,"column":44}},"15":{"start":{"line":51,"column":19},"end":{"line":51,"column":25}},"16":{"start":{"line":52,"column":25},"end":{"line":52,"column":41}},"17":{"start":{"line":53,"column":19},"end":{"line":53,"column":51}},"18":{"start":{"line":54,"column":20},"end":{"line":54,"column":26}},"19":{"start":{"line":56,"column":23},"end":{"line":60,"column":1}},"20":{"start":{"line":62,"column":20},"end":{"line":62,"column":58}},"21":{"start":{"line":63,"column":22},"end":{"line":63,"column":67}},"22":{"start":{"line":65,"column":16},"end":{"line":65,"column":59}},"23":{"start":{"line":65,"column":25},"end":{"line":65,"column":59}},"24":{"start":{"line":66,"column":20},"end":{"line":77,"column":1}},"25":{"start":{"line":79,"column":20},"end":{"line":91,"column":1}},"26":{"start":{"line":93,"column":19},"end":{"line":99,"column":2}},"27":{"start":{"line":94,"column":2},"end":{"line":94,"column":18}},"28":{"start":{"line":95,"column":2},"end":{"line":98,"column":5}},"29":{"start":{"line":101,"column":19},"end":{"line":119,"column":1}},"30":{"start":{"line":122,"column":6},"end":{"line":122,"column":22}},"31":{"start":{"line":122,"column":13},"end":{"line":122,"column":21}},"32":{"start":{"line":131,"column":21},"end":{"line":134,"column":1}},"33":{"start":{"line":132,"column":18},"end":{"line":132,"column":53}},"34":{"start":{"line":133,"column":18},"end":{"line":133,"column":53}},"35":{"start":{"line":136,"column":17},"end":{"line":136,"column":67}},"36":{"start":{"line":136,"column":23},"end":{"line":136,"column":67}},"37":{"start":{"line":137,"column":28},"end":{"line":137,"column":89}},"38":{"start":{"line":137,"column":34},"end":{"line":137,"column":89}},"39":{"start":{"line":138,"column":18},"end":{"line":138,"column":69}},"40":{"start":{"line":138,"column":24},"end":{"line":138,"column":69}},"41":{"start":{"line":140,"column":25},"end":{"line":143,"column":68}},"42":{"start":{"line":140,"column":31},"end":{"line":143,"column":68}},"43":{"start":{"line":141,"column":2},"end":{"line":141,"column":53}},"44":{"start":{"line":143,"column":16},"end":{"line":143,"column":67}},"45":{"start":{"line":146,"column":0},"end":{"line":150,"column":2}},"46":{"start":{"line":147,"column":2},"end":{"line":147,"column":39}},"47":{"start":{"line":149,"column":2},"end":{"line":149,"column":36}},"48":{"start":{"line":158,"column":0},"end":{"line":158,"column":33}},"49":{"start":{"line":159,"column":0},"end":{"line":159,"column":31}},"50":{"start":{"line":160,"column":0},"end":{"line":160,"column":51}},"51":{"start":{"line":161,"column":0},"end":{"line":161,"column":39}},"52":{"start":{"line":162,"column":0},"end":{"line":162,"column":51}},"53":{"start":{"line":163,"column":0},"end":{"line":163,"column":41}},"54":{"start":{"line":164,"column":0},"end":{"line":164,"column":39}},"55":{"start":{"line":165,"column":0},"end":{"line":165,"column":41}},"56":{"start":{"line":166,"column":0},"end":{"line":166,"column":47}},"57":{"start":{"line":167,"column":0},"end":{"line":167,"column":41}},"58":{"start":{"line":168,"column":0},"end":{"line":168,"column":39}},"59":{"start":{"line":169,"column":0},"end":{"line":169,"column":85}},"60":{"start":{"line":172,"column":0},"end":{"line":172,"column":43}},"61":{"start":{"line":173,"column":0},"end":{"line":173,"column":35}},"62":{"start":{"line":174,"column":0},"end":{"line":174,"column":57}},"63":{"start":{"line":175,"column":0},"end":{"line":175,"column":37}},"64":{"start":{"line":176,"column":0},"end":{"line":176,"column":51}}},"fnMap":{"0":{"name":"(anonymous_0)","decl":{"start":{"line":10,"column":2},"end":{"line":10,"column":3}},"loc":{"start":{"line":10,"column":6},"end":{"line":10,"column":8}},"line":10},"1":{"name":"(anonymous_1)","decl":{"start":{"line":23,"column":3},"end":{"line":23,"column":4}},"loc":{"start":{"line":23,"column":7},"end":{"line":23,"column":9}},"line":23},"2":{"name":"(anonymous_2)","decl":{"start":{"line":23,"column":10},"end":{"line":23,"column":11}},"loc":{"start":{"line":23,"column":14},"end":{"line":23,"column":16}},"line":23},"3":{"name":"(anonymous_3)","decl":{"start":{"line":27,"column":7},"end":{"line":27,"column":8}},"loc":{"start":{"line":27,"column":11},"end":{"line":27,"column":13}},"line":27},"4":{"name":"(anonymous_4)","decl":{"start":{"line":33,"column":9},"end":{"line":33,"column":10}},"loc":{"start":{"line":33,"column":62},"end":{"line":40,"column":3}},"line":33},"5":{"name":"(anonymous_5)","decl":{"start":{"line":44,"column":22},"end":{"line":44,"column":23}},"loc":{"start":{"line":44,"column":28},"end":{"line":44,"column":62}},"line":44},"6":{"name":"(anonymous_6)","decl":{"start":{"line":44,"column":36},"end":{"line":44,"column":37}},"loc":{"start":{"line":44,"column":42},"end":{"line":44,"column":61}},"line":44},"7":{"name":"(anonymous_7)","decl":{"start":{"line":45,"column":8},"end":{"line":45,"column":9}},"loc":{"start":{"line":45,"column":14},"end":{"line":45,"column":42}},"line":45},"8":{"name":"(anonymous_8)","decl":{"start":{"line":46,"column":19},"end":{"line":46,"column":20}},"loc":{"start":{"line":46,"column":25},"end":{"line":46,"column":64}},"line":46},"9":{"name":"(anonymous_9)","decl":{"start":{"line":47,"column":9},"end":{"line":47,"column":10}},"loc":{"start":{"line":47,"column":15},"end":{"line":47,"column":44}},"line":47},"10":{"name":"(anonymous_10)","decl":{"start":{"line":48,"column":9},"end":{"line":48,"column":10}},"loc":{"start":{"line":48,"column":15},"end":{"line":48,"column":44}},"line":48},"11":{"name":"(anonymous_11)","decl":{"start":{"line":65,"column":16},"end":{"line":65,"column":17}},"loc":{"start":{"line":65,"column":25},"end":{"line":65,"column":59}},"line":65},"12":{"name":"(anonymous_12)","decl":{"start":{"line":93,"column":27},"end":{"line":93,"column":28}},"loc":{"start":{"line":93,"column":41},"end":{"line":99,"column":1}},"line":93},"13":{"name":"callFcnWithObjWithUnexpectedProps","decl":{"start":{"line":121,"column":9},"end":{"line":121,"column":42}},"loc":{"start":{"line":121,"column":62},"end":{"line":123,"column":1}},"line":121},"14":{"name":"(anonymous_14)","decl":{"start":{"line":122,"column":6},"end":{"line":122,"column":7}},"loc":{"start":{"line":122,"column":13},"end":{"line":122,"column":21}},"line":122},"15":{"name":"checkReturningPromiseIsThrowing","decl":{"start":{"line":125,"column":9},"end":{"line":125,"column":40}},"loc":{"start":{"line":125,"column":66},"end":{"line":127,"column":1}},"line":125},"16":{"name":"(anonymous_16)","decl":{"start":{"line":132,"column":12},"end":{"line":132,"column":13}},"loc":{"start":{"line":132,"column":18},"end":{"line":132,"column":53}},"line":132},"17":{"name":"(anonymous_17)","decl":{"start":{"line":133,"column":12},"end":{"line":133,"column":13}},"loc":{"start":{"line":133,"column":18},"end":{"line":133,"column":53}},"line":133},"18":{"name":"(anonymous_18)","decl":{"start":{"line":136,"column":17},"end":{"line":136,"column":18}},"loc":{"start":{"line":136,"column":23},"end":{"line":136,"column":67}},"line":136},"19":{"name":"(anonymous_19)","decl":{"start":{"line":137,"column":28},"end":{"line":137,"column":29}},"loc":{"start":{"line":137,"column":34},"end":{"line":137,"column":89}},"line":137},"20":{"name":"(anonymous_20)","decl":{"start":{"line":138,"column":18},"end":{"line":138,"column":19}},"loc":{"start":{"line":138,"column":24},"end":{"line":138,"column":69}},"line":138},"21":{"name":"(anonymous_21)","decl":{"start":{"line":140,"column":25},"end":{"line":140,"column":26}},"loc":{"start":{"line":140,"column":31},"end":{"line":143,"column":68}},"line":140},"22":{"name":"(anonymous_22)","decl":{"start":{"line":140,"column":32},"end":{"line":140,"column":33}},"loc":{"start":{"line":140,"column":44},"end":{"line":142,"column":1}},"line":140},"23":{"name":"(anonymous_23)","decl":{"start":{"line":143,"column":9},"end":{"line":143,"column":10}},"loc":{"start":{"line":143,"column":16},"end":{"line":143,"column":67}},"line":143},"24":{"name":"(anonymous_24)","decl":{"start":{"line":146,"column":33},"end":{"line":146,"column":34}},"loc":{"start":{"line":146,"column":40},"end":{"line":150,"column":1}},"line":146}},"branchMap":{},"s":{"0":1,"1":1,"2":1,"3":1,"4":0,"5":0,"6":0,"7":1,"8":0,"9":0,"10":0,"11":0,"12":0,"13":0,"14":0,"15":1,"16":1,"17":1,"18":1,"19":1,"20":1,"21":1,"22":1,"23":0,"24":1,"25":1,"26":1,"27":0,"28":0,"29":1,"30":0,"31":0,"32":1,"33":0,"34":0,"35":1,"36":0,"37":1,"38":0,"39":1,"40":0,"41":1,"42":0,"43":0,"44":0,"45":1,"46":0,"47":0,"48":1,"49":1,"50":1,"51":1,"52":1,"53":1,"54":1,"55":1,"56":1,"57":1,"58":1,"59":1,"60":1,"61":1,"62":1,"63":1,"64":1},"f":{"0":0,"1":0,"2":0,"3":0,"4":0,"5":0,"6":0,"7":0,"8":0,"9":0,"10":0,"11":0,"12":0,"13":0,"14":0,"15":0,"16":0,"17":0,"18":0,"19":0,"20":0,"21":0,"22":0,"23":0,"24":0},"b":{},"inputSourceMap":null,"_coverageSchema":"1a1c01bbd47fc00a2c39e90264f33305004495a9","hash":"14475f285f591a1ec16d426d84046dafab8c9a60"}
,"/home/ctex/projects/cqrs/src/core/domain/Types.ts": {"path":"/home/ctex/projects/cqrs/src/core/domain/Types.ts","statementMap":{"0":{"start":{"line":2,"column":0},"end":{"line":2,"column":42}},"1":{"start":{"line":3,"column":0},"end":{"line":3,"column":64}},"2":{"start":{"line":4,"column":0},"end":{"line":4,"column":28}},"3":{"start":{"line":18,"column":2},"end":{"line":24,"column":null}},"4":{"start":{"line":19,"column":4},"end":{"line":21,"column":17}},"5":{"start":{"line":23,"column":4},"end":{"line":23,"column":20}},"6":{"start":{"line":33,"column":25},"end":{"line":35,"column":null}},"7":{"start":{"line":35,"column":21},"end":{"line":35,"column":29}},"8":{"start":{"line":38,"column":4},"end":{"line":43,"column":null}},"9":{"start":{"line":39,"column":6},"end":{"line":39,"column":40}},"10":{"start":{"line":40,"column":6},"end":{"line":40,"column":17}},"11":{"start":{"line":42,"column":6},"end":{"line":42,"column":18}},"12":{"start":{"line":55,"column":0},"end":{"line":55,"column":37}}},"fnMap":{"0":{"name":"toUrlString","decl":{"start":{"line":17,"column":9},"end":{"line":17,"column":20}},"loc":{"start":{"line":17,"column":30},"end":{"line":25,"column":1}}},"1":{"name":"(anonymous_2)","decl":{"start":{"line":32,"column":2},"end":{"line":32,"column":14}},"loc":{"start":{"line":32,"column":23},"end":{"line":44,"column":3}}},"2":{"name":"(anonymous_3)","decl":{"start":{"line":35,"column":14},"end":{"line":35,"column":15}},"loc":{"start":{"line":35,"column":21},"end":{"line":35,"column":29}}}},"branchMap":{"0":{"loc":{"start":{"line":20,"column":8},"end":{"line":20,"column":16}},"type":"cond-expr","locations":[{"start":{"line":20,"column":8},"end":{"line":20,"column":16}},{"start":{"line":21,"column":8},"end":{"line":21,"column":16}}]},"1":{"loc":{"start":{"line":19,"column":11},"end":{"line":19,"column":39}},"type":"binary-expr","locations":[{"start":{"line":19,"column":11},"end":{"line":19,"column":39}},{"start":{"line":19,"column":43},"end":{"line":19,"column":70}}]},"2":{"loc":{"start":{"line":19,"column":12},"end":{"line":19,"column":14}},"type":"cond-expr","locations":[{"start":{"line":19,"column":12},"end":{"line":19,"column":14}},{"start":{"line":19,"column":11},"end":{"line":19,"column":33}}]},"3":{"loc":{"start":{"line":19,"column":11},"end":{"line":19,"column":14}},"type":"binary-expr","locations":[{"start":{"line":19,"column":11},"end":{"line":19,"column":14}},{"start":{"line":19,"column":11},"end":{"line":19,"column":14}}]},"4":{"loc":{"start":{"line":19,"column":44},"end":{"line":19,"column":46}},"type":"cond-expr","locations":[{"start":{"line":19,"column":44},"end":{"line":19,"column":46}},{"start":{"line":19,"column":43},"end":{"line":19,"column":64}}]},"5":{"loc":{"start":{"line":19,"column":43},"end":{"line":19,"column":46}},"type":"binary-expr","locations":[{"start":{"line":19,"column":43},"end":{"line":19,"column":46}},{"start":{"line":19,"column":43},"end":{"line":19,"column":46}}]},"6":{"loc":{"start":{"line":38,"column":4},"end":{"line":43,"column":null}},"type":"if","locations":[{"start":{"line":38,"column":4},"end":{"line":43,"column":null}},{"start":{"line":38,"column":4},"end":{"line":43,"column":null}}]}},"s":{"0":1,"1":1,"2":1,"3":27,"4":27,"5":3,"6":27,"7":25,"8":27,"9":2,"10":2,"11":25,"12":1},"f":{"0":27,"1":27,"2":25},"b":{"0":[2,22],"1":[27,23],"2":[2,25],"3":[27,26],"4":[2,21],"5":[23,22],"6":[2,25]}}
}
