{"/home/ctex/projects/cqrs/src/unit-test-helpers.ts": {"path":"/home/ctex/projects/cqrs/src/unit-test-helpers.ts","statementMap":{"0":{"start":{"line":6,"column":21},"end":{"line":6,"column":36}},"1":{"start":{"line":7,"column":16},"end":{"line":7,"column":34}},"2":{"start":{"line":10,"column":16},"end":{"line":36,"column":2}},"3":{"start":{"line":49,"column":13},"end":{"line":57,"column":2}},"4":{"start":{"line":54,"column":9},"end":{"line":54,"column":34}},"5":{"start":{"line":67,"column":13},"end":{"line":74,"column":2}},"6":{"start":{"line":71,"column":10},"end":{"line":71,"column":35}},"7":{"start":{"line":83,"column":15},"end":{"line":92,"column":2}},"8":{"start":{"line":84,"column":75},"end":{"line":91,"column":null}},"9":{"start":{"line":85,"column":22},"end":{"line":85,"column":40}},"10":{"start":{"line":86,"column":4},"end":{"line":89,"column":null}},"11":{"start":{"line":90,"column":4},"end":{"line":90,"column":21}},"12":{"start":{"line":94,"column":25},"end":{"line":103,"column":2}},"13":{"start":{"line":96,"column":4},"end":{"line":98,"column":6}},"14":{"start":{"line":97,"column":6},"end":{"line":97,"column":24}},"15":{"start":{"line":97,"column":20},"end":{"line":97,"column":24}},"16":{"start":{"line":99,"column":14},"end":{"line":99,"column":44}},"17":{"start":{"line":100,"column":25},"end":{"line":100,"column":66}},"18":{"start":{"line":101,"column":15},"end":{"line":101,"column":46}},"19":{"start":{"line":102,"column":15},"end":{"line":102,"column":46}},"20":{"start":{"line":105,"column":19},"end":{"line":105,"column":25}},"21":{"start":{"line":106,"column":25},"end":{"line":106,"column":41}},"22":{"start":{"line":107,"column":19},"end":{"line":107,"column":51}},"23":{"start":{"line":108,"column":20},"end":{"line":108,"column":26}},"24":{"start":{"line":110,"column":23},"end":{"line":114,"column":null}},"25":{"start":{"line":116,"column":20},"end":{"line":116,"column":58}},"26":{"start":{"line":117,"column":22},"end":{"line":117,"column":67}},"27":{"start":{"line":119,"column":16},"end":{"line":121,"column":1}},"28":{"start":{"line":120,"column":2},"end":{"line":120,"column":46}},"29":{"start":{"line":123,"column":20},"end":{"line":134,"column":2}},"30":{"start":{"line":136,"column":20},"end":{"line":148,"column":2}},"31":{"start":{"line":150,"column":19},"end":{"line":156,"column":2}},"32":{"start":{"line":151,"column":2},"end":{"line":151,"column":18}},"33":{"start":{"line":152,"column":2},"end":{"line":155,"column":null}},"34":{"start":{"line":158,"column":19},"end":{"line":176,"column":2}},"35":{"start":{"line":182,"column":2},"end":{"line":182,"column":28}},"36":{"start":{"line":191,"column":21},"end":{"line":194,"column":2}},"37":{"start":{"line":192,"column":18},"end":{"line":192,"column":55}},"38":{"start":{"line":193,"column":18},"end":{"line":193,"column":55}},"39":{"start":{"line":196,"column":17},"end":{"line":196,"column":67}},"40":{"start":{"line":196,"column":23},"end":{"line":196,"column":67}},"41":{"start":{"line":197,"column":28},"end":{"line":197,"column":89}},"42":{"start":{"line":197,"column":34},"end":{"line":197,"column":89}},"43":{"start":{"line":198,"column":18},"end":{"line":198,"column":69}},"44":{"start":{"line":198,"column":24},"end":{"line":198,"column":69}},"45":{"start":{"line":200,"column":25},"end":{"line":203,"column":68}},"46":{"start":{"line":200,"column":43},"end":{"line":203,"column":68}},"47":{"start":{"line":200,"column":55},"end":{"line":202,"column":2}},"48":{"start":{"line":201,"column":2},"end":{"line":201,"column":null}},"49":{"start":{"line":203,"column":16},"end":{"line":203,"column":67}},"50":{"start":{"line":206,"column":0},"end":{"line":213,"column":3}},"51":{"start":{"line":207,"column":2},"end":{"line":209,"column":null}},"52":{"start":{"line":208,"column":4},"end":{"line":208,"column":60}},"53":{"start":{"line":210,"column":2},"end":{"line":210,"column":42}},"54":{"start":{"line":212,"column":2},"end":{"line":212,"column":36}},"55":{"start":{"line":221,"column":0},"end":{"line":221,"column":33}},"56":{"start":{"line":222,"column":0},"end":{"line":222,"column":49}},"57":{"start":{"line":223,"column":0},"end":{"line":223,"column":31}},"58":{"start":{"line":224,"column":0},"end":{"line":224,"column":51}},"59":{"start":{"line":225,"column":0},"end":{"line":225,"column":39}},"60":{"start":{"line":226,"column":0},"end":{"line":226,"column":51}},"61":{"start":{"line":227,"column":0},"end":{"line":227,"column":41}},"62":{"start":{"line":228,"column":0},"end":{"line":228,"column":39}},"63":{"start":{"line":229,"column":0},"end":{"line":229,"column":41}},"64":{"start":{"line":230,"column":0},"end":{"line":230,"column":47}},"65":{"start":{"line":231,"column":0},"end":{"line":231,"column":41}},"66":{"start":{"line":232,"column":0},"end":{"line":232,"column":39}},"67":{"start":{"line":233,"column":0},"end":{"line":233,"column":85}},"68":{"start":{"line":236,"column":0},"end":{"line":236,"column":43}},"69":{"start":{"line":237,"column":0},"end":{"line":237,"column":35}},"70":{"start":{"line":238,"column":0},"end":{"line":238,"column":57}},"71":{"start":{"line":239,"column":0},"end":{"line":239,"column":37}},"72":{"start":{"line":240,"column":0},"end":{"line":240,"column":51}}},"fnMap":{"0":{"name":"(anonymous_7)","decl":{"start":{"line":16,"column":2},"end":{"line":16,"column":4}},"loc":{"start":{"line":16,"column":6},"end":{"line":16,"column":8}}},"1":{"name":"(anonymous_8)","decl":{"start":{"line":29,"column":3},"end":{"line":29,"column":5}},"loc":{"start":{"line":29,"column":7},"end":{"line":29,"column":9}}},"2":{"name":"(anonymous_9)","decl":{"start":{"line":29,"column":10},"end":{"line":29,"column":12}},"loc":{"start":{"line":29,"column":14},"end":{"line":29,"column":16}}},"3":{"name":"(anonymous_10)","decl":{"start":{"line":33,"column":7},"end":{"line":33,"column":9}},"loc":{"start":{"line":33,"column":11},"end":{"line":33,"column":13}}},"4":{"name":"(anonymous_11)","decl":{"start":{"line":54,"column":2},"end":{"line":54,"column":5}},"loc":{"start":{"line":54,"column":9},"end":{"line":54,"column":34}}},"5":{"name":"(anonymous_12)","decl":{"start":{"line":71,"column":3},"end":{"line":71,"column":6}},"loc":{"start":{"line":71,"column":10},"end":{"line":71,"column":35}}},"6":{"name":"(anonymous_13)","decl":{"start":{"line":84,"column":9},"end":{"line":84,"column":16}},"loc":{"start":{"line":84,"column":75},"end":{"line":91,"column":null}}},"7":{"name":"(anonymous_14)","decl":{"start":{"line":84,"column":75},"end":{"line":84,"column":null}},"loc":{"start":{"line":84,"column":75},"end":{"line":91,"column":3}}},"8":{"name":"(anonymous_15)","decl":{"start":{"line":95,"column":22},"end":{"line":95,"column":25}},"loc":{"start":{"line":96,"column":4},"end":{"line":98,"column":6}}},"9":{"name":"(anonymous_16)","decl":{"start":{"line":96,"column":12},"end":{"line":96,"column":15}},"loc":{"start":{"line":96,"column":17},"end":{"line":98,"column":5}}},"10":{"name":"(anonymous_17)","decl":{"start":{"line":99,"column":8},"end":{"line":99,"column":11}},"loc":{"start":{"line":99,"column":14},"end":{"line":99,"column":44}}},"11":{"name":"(anonymous_18)","decl":{"start":{"line":100,"column":19},"end":{"line":100,"column":22}},"loc":{"start":{"line":100,"column":25},"end":{"line":100,"column":66}}},"12":{"name":"(anonymous_19)","decl":{"start":{"line":101,"column":9},"end":{"line":101,"column":12}},"loc":{"start":{"line":101,"column":15},"end":{"line":101,"column":46}}},"13":{"name":"(anonymous_20)","decl":{"start":{"line":102,"column":9},"end":{"line":102,"column":12}},"loc":{"start":{"line":102,"column":15},"end":{"line":102,"column":46}}},"14":{"name":"(anonymous_21)","decl":{"start":{"line":119,"column":16},"end":{"line":119,"column":17}},"loc":{"start":{"line":119,"column":40},"end":{"line":121,"column":1}}},"15":{"name":"(anonymous_22)","decl":{"start":{"line":150,"column":27},"end":{"line":150,"column":28}},"loc":{"start":{"line":150,"column":40},"end":{"line":156,"column":1}}},"16":{"name":"callFcnWithObjWithUnexpectedProps","decl":{"start":{"line":178,"column":9},"end":{"line":178,"column":42}},"loc":{"start":{"line":180,"column":15},"end":{"line":183,"column":1}}},"17":{"name":"(anonymous_24)","decl":{"start":{"line":192,"column":12},"end":{"line":192,"column":15}},"loc":{"start":{"line":192,"column":18},"end":{"line":192,"column":55}}},"18":{"name":"(anonymous_25)","decl":{"start":{"line":193,"column":12},"end":{"line":193,"column":15}},"loc":{"start":{"line":193,"column":18},"end":{"line":193,"column":55}}},"19":{"name":"(anonymous_26)","decl":{"start":{"line":196,"column":17},"end":{"line":196,"column":20}},"loc":{"start":{"line":196,"column":23},"end":{"line":196,"column":67}}},"20":{"name":"(anonymous_27)","decl":{"start":{"line":197,"column":28},"end":{"line":197,"column":31}},"loc":{"start":{"line":197,"column":34},"end":{"line":197,"column":89}}},"21":{"name":"(anonymous_28)","decl":{"start":{"line":198,"column":18},"end":{"line":198,"column":21}},"loc":{"start":{"line":198,"column":24},"end":{"line":198,"column":69}}},"22":{"name":"(anonymous_29)","decl":{"start":{"line":200,"column":25},"end":{"line":200,"column":26}},"loc":{"start":{"line":200,"column":43},"end":{"line":203,"column":68}}},"23":{"name":"(anonymous_30)","decl":{"start":{"line":200,"column":44},"end":{"line":200,"column":53}},"loc":{"start":{"line":200,"column":55},"end":{"line":202,"column":2}}},"24":{"name":"(anonymous_31)","decl":{"start":{"line":200,"column":55},"end":{"line":200,"column":null}},"loc":{"start":{"line":200,"column":55},"end":{"line":202,"column":1}}},"25":{"name":"(anonymous_32)","decl":{"start":{"line":203,"column":9},"end":{"line":203,"column":12}},"loc":{"start":{"line":203,"column":16},"end":{"line":203,"column":67}}},"26":{"name":"(anonymous_33)","decl":{"start":{"line":206,"column":33},"end":{"line":206,"column":34}},"loc":{"start":{"line":206,"column":48},"end":{"line":213,"column":1}}}},"branchMap":{"0":{"loc":{"start":{"line":207,"column":2},"end":{"line":209,"column":null}},"type":"if","locations":[{"start":{"line":207,"column":2},"end":{"line":209,"column":null}},{"start":{"line":207,"column":2},"end":{"line":209,"column":null}}]},"1":{"loc":{"start":{"line":210,"column":19},"end":{"line":210,"column":21}},"type":"cond-expr","locations":[{"start":{"line":210,"column":19},"end":{"line":210,"column":21}},{"start":{"line":210,"column":16},"end":{"line":210,"column":28}}]},"2":{"loc":{"start":{"line":210,"column":16},"end":{"line":210,"column":21}},"type":"binary-expr","locations":[{"start":{"line":210,"column":16},"end":{"line":210,"column":21}},{"start":{"line":210,"column":16},"end":{"line":210,"column":21}}]},"3":{"loc":{"start":{"line":210,"column":33},"end":{"line":210,"column":35}},"type":"cond-expr","locations":[{"start":{"line":210,"column":33},"end":{"line":210,"column":35}},{"start":{"line":210,"column":30},"end":{"line":210,"column":40}}]},"4":{"loc":{"start":{"line":210,"column":30},"end":{"line":210,"column":35}},"type":"binary-expr","locations":[{"start":{"line":210,"column":30},"end":{"line":210,"column":35}},{"start":{"line":210,"column":30},"end":{"line":210,"column":35}}]}},"s":{"0":1,"1":1,"2":1,"3":1,"4":0,"5":1,"6":0,"7":1,"8":0,"9":0,"10":0,"11":0,"12":1,"13":0,"14":0,"15":0,"16":0,"17":0,"18":0,"19":0,"20":1,"21":1,"22":1,"23":1,"24":1,"25":1,"26":1,"27":1,"28":0,"29":1,"30":1,"31":1,"32":0,"33":0,"34":1,"35":0,"36":1,"37":0,"38":0,"39":1,"40":0,"41":1,"42":0,"43":1,"44":0,"45":1,"46":0,"47":0,"48":0,"49":0,"50":1,"51":0,"52":0,"53":0,"54":0,"55":1,"56":1,"57":1,"58":1,"59":1,"60":1,"61":1,"62":1,"63":1,"64":1,"65":1,"66":1,"67":1,"68":1,"69":1,"70":1,"71":1,"72":1},"f":{"0":0,"1":0,"2":0,"3":0,"4":0,"5":0,"6":0,"7":0,"8":0,"9":0,"10":0,"11":0,"12":0,"13":0,"14":0,"15":0,"16":0,"17":0,"18":0,"19":0,"20":0,"21":0,"22":0,"23":0,"24":0,"25":0,"26":0},"b":{"0":[0,0],"1":[0,0],"2":[0,0],"3":[0,0],"4":[0,0]}}
,"/home/ctex/projects/cqrs/src/core/domain/Types.ts": {"path":"/home/ctex/projects/cqrs/src/core/domain/Types.ts","statementMap":{"0":{"start":{"line":2,"column":0},"end":{"line":2,"column":42}},"1":{"start":{"line":3,"column":0},"end":{"line":3,"column":64}},"2":{"start":{"line":4,"column":0},"end":{"line":4,"column":28}},"3":{"start":{"line":16,"column":2},"end":{"line":18,"column":null}},"4":{"start":{"line":17,"column":4},"end":{"line":17,"column":52}},"5":{"start":{"line":19,"column":2},"end":{"line":19,"column":56}},"6":{"start":{"line":15,"column":0},"end":{"line":15,"column":16}},"7":{"start":{"line":23,"column":2},"end":{"line":27,"column":null}},"8":{"start":{"line":24,"column":4},"end":{"line":24,"column":49}},"9":{"start":{"line":26,"column":4},"end":{"line":26,"column":20}},"10":{"start":{"line":34,"column":25},"end":{"line":36,"column":null}},"11":{"start":{"line":36,"column":21},"end":{"line":36,"column":29}},"12":{"start":{"line":38,"column":4},"end":{"line":43,"column":null}},"13":{"start":{"line":39,"column":6},"end":{"line":39,"column":40}},"14":{"start":{"line":40,"column":6},"end":{"line":40,"column":17}},"15":{"start":{"line":42,"column":6},"end":{"line":42,"column":18}},"16":{"start":{"line":30,"column":0},"end":{"line":30,"column":13}},"17":{"start":{"line":50,"column":2},"end":{"line":56,"column":null}},"18":{"start":{"line":51,"column":4},"end":{"line":53,"column":17}},"19":{"start":{"line":55,"column":4},"end":{"line":55,"column":20}},"20":{"start":{"line":65,"column":25},"end":{"line":67,"column":null}},"21":{"start":{"line":67,"column":21},"end":{"line":67,"column":29}},"22":{"start":{"line":70,"column":4},"end":{"line":75,"column":null}},"23":{"start":{"line":71,"column":6},"end":{"line":71,"column":40}},"24":{"start":{"line":72,"column":6},"end":{"line":72,"column":17}},"25":{"start":{"line":74,"column":6},"end":{"line":74,"column":18}},"26":{"start":{"line":59,"column":0},"end":{"line":59,"column":13}},"27":{"start":{"line":93,"column":0},"end":{"line":93,"column":37}}},"fnMap":{"0":{"name":"emailIsValid","decl":{"start":{"line":15,"column":16},"end":{"line":15,"column":28}},"loc":{"start":{"line":15,"column":43},"end":{"line":20,"column":1}}},"1":{"name":"toEmailAddress","decl":{"start":{"line":22,"column":9},"end":{"line":22,"column":23}},"loc":{"start":{"line":22,"column":33},"end":{"line":28,"column":1}}},"2":{"name":"(anonymous_3)","decl":{"start":{"line":33,"column":2},"end":{"line":33,"column":14}},"loc":{"start":{"line":33,"column":23},"end":{"line":44,"column":3}}},"3":{"name":"(anonymous_4)","decl":{"start":{"line":36,"column":14},"end":{"line":36,"column":15}},"loc":{"start":{"line":36,"column":21},"end":{"line":36,"column":29}}},"4":{"name":"toUrlString","decl":{"start":{"line":49,"column":9},"end":{"line":49,"column":20}},"loc":{"start":{"line":49,"column":30},"end":{"line":57,"column":1}}},"5":{"name":"(anonymous_6)","decl":{"start":{"line":64,"column":2},"end":{"line":64,"column":14}},"loc":{"start":{"line":64,"column":23},"end":{"line":76,"column":3}}},"6":{"name":"(anonymous_7)","decl":{"start":{"line":67,"column":14},"end":{"line":67,"column":15}},"loc":{"start":{"line":67,"column":21},"end":{"line":67,"column":29}}}},"branchMap":{"0":{"loc":{"start":{"line":16,"column":2},"end":{"line":18,"column":null}},"type":"if","locations":[{"start":{"line":16,"column":2},"end":{"line":18,"column":null}},{"start":{"line":16,"column":2},"end":{"line":18,"column":null}}]},"1":{"loc":{"start":{"line":24,"column":29},"end":{"line":24,"column":37}},"type":"cond-expr","locations":[{"start":{"line":24,"column":29},"end":{"line":24,"column":37}},{"start":{"line":24,"column":40},"end":{"line":24,"column":48}}]},"2":{"loc":{"start":{"line":38,"column":4},"end":{"line":43,"column":null}},"type":"if","locations":[{"start":{"line":38,"column":4},"end":{"line":43,"column":null}},{"start":{"line":38,"column":4},"end":{"line":43,"column":null}}]},"3":{"loc":{"start":{"line":52,"column":8},"end":{"line":52,"column":16}},"type":"cond-expr","locations":[{"start":{"line":52,"column":8},"end":{"line":52,"column":16}},{"start":{"line":53,"column":8},"end":{"line":53,"column":16}}]},"4":{"loc":{"start":{"line":51,"column":11},"end":{"line":51,"column":39}},"type":"binary-expr","locations":[{"start":{"line":51,"column":11},"end":{"line":51,"column":39}},{"start":{"line":51,"column":43},"end":{"line":51,"column":70}}]},"5":{"loc":{"start":{"line":51,"column":12},"end":{"line":51,"column":14}},"type":"cond-expr","locations":[{"start":{"line":51,"column":12},"end":{"line":51,"column":14}},{"start":{"line":51,"column":11},"end":{"line":51,"column":33}}]},"6":{"loc":{"start":{"line":51,"column":11},"end":{"line":51,"column":14}},"type":"binary-expr","locations":[{"start":{"line":51,"column":11},"end":{"line":51,"column":14}},{"start":{"line":51,"column":11},"end":{"line":51,"column":14}}]},"7":{"loc":{"start":{"line":51,"column":44},"end":{"line":51,"column":46}},"type":"cond-expr","locations":[{"start":{"line":51,"column":44},"end":{"line":51,"column":46}},{"start":{"line":51,"column":43},"end":{"line":51,"column":64}}]},"8":{"loc":{"start":{"line":51,"column":43},"end":{"line":51,"column":46}},"type":"binary-expr","locations":[{"start":{"line":51,"column":43},"end":{"line":51,"column":46}},{"start":{"line":51,"column":43},"end":{"line":51,"column":46}}]},"9":{"loc":{"start":{"line":70,"column":4},"end":{"line":75,"column":null}},"type":"if","locations":[{"start":{"line":70,"column":4},"end":{"line":75,"column":null}},{"start":{"line":70,"column":4},"end":{"line":75,"column":null}}]}},"s":{"0":1,"1":1,"2":1,"3":16,"4":4,"5":12,"6":1,"7":8,"8":8,"9":6,"10":8,"11":7,"12":8,"13":1,"14":1,"15":7,"16":1,"17":27,"18":27,"19":3,"20":27,"21":25,"22":27,"23":2,"24":2,"25":25,"26":1,"27":1},"f":{"0":16,"1":8,"2":8,"3":7,"4":27,"5":27,"6":25},"b":{"0":[4,12],"1":[1,1],"2":[1,7],"3":[2,22],"4":[27,23],"5":[2,25],"6":[27,26],"7":[2,21],"8":[23,22],"9":[2,25]}}
}
