TN:
SF:src/unit-test-helpers.ts
FN:16,(anonymous_7)
FN:29,(anonymous_8)
FN:29,(anonymous_9)
FN:33,(anonymous_10)
FN:54,(anonymous_11)
FN:71,(anonymous_12)
FN:84,(anonymous_13)
FN:84,(anonymous_14)
FN:95,(anonymous_15)
FN:96,(anonymous_16)
FN:99,(anonymous_17)
FN:100,(anonymous_18)
FN:101,(anonymous_19)
FN:102,(anonymous_20)
FN:119,(anonymous_21)
FN:150,(anonymous_22)
FN:178,callFcnWithObjWithUnexpectedProps
FN:192,(anonymous_24)
FN:193,(anonymous_25)
FN:196,(anonymous_26)
FN:197,(anonymous_27)
FN:198,(anonymous_28)
FN:200,(anonymous_29)
FN:200,(anonymous_30)
FN:200,(anonymous_31)
FN:203,(anonymous_32)
FN:206,(anonymous_33)
FNF:27
FNH:0
FNDA:0,(anonymous_7)
FNDA:0,(anonymous_8)
FNDA:0,(anonymous_9)
FNDA:0,(anonymous_10)
FNDA:0,(anonymous_11)
FNDA:0,(anonymous_12)
FNDA:0,(anonymous_13)
FNDA:0,(anonymous_14)
FNDA:0,(anonymous_15)
FNDA:0,(anonymous_16)
FNDA:0,(anonymous_17)
FNDA:0,(anonymous_18)
FNDA:0,(anonymous_19)
FNDA:0,(anonymous_20)
FNDA:0,(anonymous_21)
FNDA:0,(anonymous_22)
FNDA:0,callFcnWithObjWithUnexpectedProps
FNDA:0,(anonymous_24)
FNDA:0,(anonymous_25)
FNDA:0,(anonymous_26)
FNDA:0,(anonymous_27)
FNDA:0,(anonymous_28)
FNDA:0,(anonymous_29)
FNDA:0,(anonymous_30)
FNDA:0,(anonymous_31)
FNDA:0,(anonymous_32)
FNDA:0,(anonymous_33)
DA:6,1
DA:7,1
DA:10,1
DA:49,1
DA:54,0
DA:67,1
DA:71,0
DA:83,1
DA:84,0
DA:85,0
DA:86,0
DA:90,0
DA:94,1
DA:96,0
DA:97,0
DA:99,0
DA:100,0
DA:101,0
DA:102,0
DA:105,1
DA:106,1
DA:107,1
DA:108,1
DA:110,1
DA:116,1
DA:117,1
DA:119,1
DA:120,0
DA:123,1
DA:136,1
DA:150,1
DA:151,0
DA:152,0
DA:158,1
DA:182,0
DA:191,1
DA:192,0
DA:193,0
DA:196,1
DA:197,1
DA:198,1
DA:200,1
DA:201,0
DA:203,0
DA:206,1
DA:207,0
DA:208,0
DA:210,0
DA:212,0
DA:221,1
DA:222,1
DA:223,1
DA:224,1
DA:225,1
DA:226,1
DA:227,1
DA:228,1
DA:229,1
DA:230,1
DA:231,1
DA:232,1
DA:233,1
DA:236,1
DA:237,1
DA:238,1
DA:239,1
DA:240,1
LF:67
LH:43
BRDA:207,0,0,0
BRDA:207,0,1,0
BRDA:210,1,0,0
BRDA:210,1,1,0
BRDA:210,2,0,0
BRDA:210,2,1,0
BRDA:210,3,0,0
BRDA:210,3,1,0
BRDA:210,4,0,0
BRDA:210,4,1,0
BRF:10
BRH:0
end_of_record
TN:
SF:src/core/domain/Types.ts
FN:15,emailIsValid
FN:22,toEmailAddress
FN:33,(anonymous_3)
FN:36,(anonymous_4)
FN:49,toUrlString
FN:64,(anonymous_6)
FN:67,(anonymous_7)
FNF:7
FNH:7
FNDA:16,emailIsValid
FNDA:8,toEmailAddress
FNDA:8,(anonymous_3)
FNDA:7,(anonymous_4)
FNDA:27,toUrlString
FNDA:27,(anonymous_6)
FNDA:25,(anonymous_7)
DA:2,1
DA:3,1
DA:4,1
DA:15,1
DA:16,16
DA:17,4
DA:19,12
DA:23,8
DA:24,8
DA:26,6
DA:30,1
DA:34,8
DA:36,7
DA:38,8
DA:39,1
DA:40,1
DA:42,7
DA:50,27
DA:51,27
DA:55,3
DA:59,1
DA:65,27
DA:67,25
DA:70,27
DA:71,2
DA:72,2
DA:74,25
DA:93,1
LF:28
LH:28
BRDA:16,0,0,4
BRDA:16,0,1,12
BRDA:24,1,0,1
BRDA:24,1,1,1
BRDA:38,2,0,1
BRDA:38,2,1,7
BRDA:52,3,0,2
BRDA:52,3,1,22
BRDA:51,4,0,27
BRDA:51,4,1,23
BRDA:51,5,0,2
BRDA:51,5,1,25
BRDA:51,6,0,27
BRDA:51,6,1,26
BRDA:51,7,0,2
BRDA:51,7,1,21
BRDA:51,8,0,23
BRDA:51,8,1,22
BRDA:70,9,0,2
BRDA:70,9,1,25
BRF:20
BRH:20
end_of_record
