TN:
SF:src/unit-test-helpers.js
FN:10,(anonymous_0)
FN:23,(anonymous_1)
FN:23,(anonymous_2)
FN:27,(anonymous_3)
FN:33,(anonymous_4)
FN:44,(anonymous_5)
FN:44,(anonymous_6)
FN:45,(anonymous_7)
FN:46,(anonymous_8)
FN:47,(anonymous_9)
FN:48,(anonymous_10)
FN:65,(anonymous_11)
FN:93,(anonymous_12)
FN:121,callFcnWithObjWithUnexpectedProps
FN:122,(anonymous_14)
FN:125,checkReturningPromiseIsThrowing
FN:132,(anonymous_16)
FN:133,(anonymous_17)
FN:136,(anonymous_18)
FN:137,(anonymous_19)
FN:138,(anonymous_20)
FN:140,(anonymous_21)
FN:140,(anonymous_22)
FN:143,(anonymous_23)
FN:146,(anonymous_24)
FNF:25
FNH:5
FNDA:0,(anonymous_0)
FNDA:0,(anonymous_1)
FNDA:0,(anonymous_2)
FNDA:0,(anonymous_3)
FNDA:2,(anonymous_4)
FNDA:26,(anonymous_5)
FNDA:0,(anonymous_6)
FNDA:0,(anonymous_7)
FNDA:0,(anonymous_8)
FNDA:1,(anonymous_9)
FNDA:0,(anonymous_10)
FNDA:2,(anonymous_11)
FNDA:1,(anonymous_12)
FNDA:0,callFcnWithObjWithUnexpectedProps
FNDA:0,(anonymous_14)
FNDA:0,checkReturningPromiseIsThrowing
FNDA:0,(anonymous_16)
FNDA:0,(anonymous_17)
FNDA:0,(anonymous_18)
FNDA:0,(anonymous_19)
FNDA:0,(anonymous_20)
FNDA:0,(anonymous_21)
FNDA:0,(anonymous_22)
FNDA:0,(anonymous_23)
FNDA:0,(anonymous_24)
DA:1,12
DA:2,12
DA:5,12
DA:32,12
DA:34,2
DA:35,2
DA:39,2
DA:43,12
DA:44,26
DA:45,0
DA:46,0
DA:47,1
DA:48,0
DA:51,12
DA:52,12
DA:53,12
DA:54,12
DA:56,12
DA:62,12
DA:63,12
DA:65,12
DA:66,12
DA:79,12
DA:93,12
DA:94,1
DA:95,1
DA:101,12
DA:122,0
DA:131,12
DA:132,0
DA:133,0
DA:136,12
DA:137,12
DA:138,12
DA:140,12
DA:141,0
DA:143,0
DA:146,12
DA:147,0
DA:149,0
DA:158,12
DA:159,12
DA:160,12
DA:161,12
DA:162,12
DA:163,12
DA:164,12
DA:165,12
DA:166,12
DA:167,12
DA:168,12
DA:169,12
DA:172,12
DA:173,12
DA:174,12
DA:175,12
DA:176,12
LF:57
LH:47
BRF:0
BRH:0
end_of_record
TN:
SF:src/aggregators/home-page.js
FN:1,createHandlers
FN:3,(anonymous_1)
FN:7,createQueries
FN:8,ensureHomePage
FN:21,(anonymous_4)
FN:24,incrementVideosWatched
FN:46,(anonymous_6)
FN:57,build
FN:67,init
FN:71,start
FNF:10
FNH:4
FNDA:26,createHandlers
FNDA:0,(anonymous_1)
FNDA:26,createQueries
FNDA:0,ensureHomePage
FNDA:0,(anonymous_4)
FNDA:24,incrementVideosWatched
FNDA:0,(anonymous_6)
FNDA:26,build
FNDA:0,init
FNDA:0,start
DA:2,26
DA:3,0
DA:9,0
DA:13,0
DA:21,0
DA:25,24
DA:26,24
DA:28,0
DA:46,0
DA:47,0
DA:51,26
DA:58,26
DA:59,26
DA:61,26
DA:68,0
DA:73,0
DA:76,26
DA:84,1
LF:18
LH:9
BRDA:25,0,0,24
BRDA:25,0,1,0
BRDA:25,1,0,24
BRDA:25,1,1,21
BRDA:25,1,2,2
BRF:5
BRH:4
end_of_record
TN:
SF:src/app/creators-portal/index.js
FN:6,outerPublishVideo
FN:28,createActions
FN:30,(anonymous_2)
FN:44,createHandlers
FN:45,handlePublishVideo
FN:48,(anonymous_5)
FN:52,handleShowVideo
FN:56,(anonymous_7)
FN:68,createQueries
FN:72,createCreatorsPortal
FNF:10
FNH:1
FNDA:1,outerPublishVideo
FNDA:0,createActions
FNDA:0,(anonymous_2)
FNDA:0,createHandlers
FNDA:0,handlePublishVideo
FNDA:0,(anonymous_5)
FNDA:0,handleShowVideo
FNDA:0,(anonymous_7)
FNDA:0,createQueries
FNDA:0,createCreatorsPortal
DA:1,1
DA:2,1
DA:3,1
DA:4,1
DA:7,1
DA:8,1
DA:11,0
DA:24,0
DA:25,0
DA:29,0
DA:30,0
DA:31,0
DA:39,0
DA:46,0
DA:48,0
DA:53,0
DA:54,0
DA:56,0
DA:57,0
DA:63,0
DA:69,0
DA:73,0
DA:74,0
DA:75,0
DA:77,0
DA:78,0
DA:86,0
DA:89,1
DA:92,1
LF:29
LH:8
BRDA:7,0,0,1
BRDA:7,0,1,0
BRDA:57,1,0,0
BRDA:57,1,1,0
BRF:4
BRH:1
end_of_record
TN:
SF:src/app/errors/validation-error.js
FN:1,ValidationError
FNF:1
FNH:1
FNDA:1,ValidationError
DA:2,1
DA:3,1
DA:4,1
DA:5,1
DA:6,1
DA:7,1
DA:8,1
DA:11,2
DA:12,2
DA:14,2
LF:10
LH:10
BRF:0
BRH:0
end_of_record
TN:
SF:src/app/express/attach-locals.js
FN:1,attachLocals
FNF:1
FNH:1
FNDA:1,attachLocals
DA:2,1
DA:4,1
DA:7,1
LF:3
LH:3
BRF:0
BRH:0
end_of_record
TN:
SF:src/app/express/index.js
FN:8,createExpressApp
FNF:1
FNH:1
FNDA:1,createExpressApp
DA:2,1
DA:3,1
DA:5,1
DA:6,1
DA:9,1
DA:10,1
DA:12,1
DA:14,1
DA:15,1
DA:17,1
DA:18,1
DA:19,1
DA:24,1
DA:27,1
LF:14
LH:14
BRDA:9,0,0,1
BRDA:9,0,1,0
BRF:2
BRH:1
end_of_record
TN:
SF:src/app/express/last-resort-error-handler.js
FN:1,lastResortErrorHandler
FNF:1
FNH:0
FNDA:0,lastResortErrorHandler
DA:3,0
DA:4,0
DA:6,0
DA:9,1
LF:4
LH:1
BRDA:3,0,0,0
BRDA:3,0,1,0
BRF:2
BRH:0
end_of_record
TN:
SF:src/app/express/mount-middleware.js
FN:11,mountMiddleware
FNF:1
FNH:1
FNDA:1,mountMiddleware
DA:1,1
DA:3,1
DA:4,1
DA:7,1
DA:8,1
DA:9,1
DA:12,1
DA:13,1
DA:14,1
DA:15,1
DA:16,1
DA:17,1
DA:22,1
LF:13
LH:13
BRF:0
BRH:0
end_of_record
TN:
SF:src/app/express/mount-routes.js
FN:6,mountRoutes
FNF:1
FNH:1
FNDA:4,mountRoutes
DA:2,2
DA:3,2
DA:4,2
DA:8,4
DA:9,2
DA:11,2
DA:12,1
DA:14,1
DA:15,1
DA:16,1
DA:17,1
DA:18,1
DA:19,1
DA:24,2
LF:14
LH:14
BRDA:8,0,0,2
BRDA:8,0,1,2
BRDA:11,1,0,1
BRDA:11,1,1,1
BRF:4
BRH:4
end_of_record
TN:
SF:src/app/express/must-be-logged-in.js
FN:1,mustBeLoggedIn
FNF:1
FNH:0
FNDA:0,mustBeLoggedIn
DA:2,0
DA:3,0
DA:6,0
DA:9,2
LF:4
LH:1
BRDA:2,0,0,0
BRDA:2,0,1,0
BRF:2
BRH:0
end_of_record
TN:
SF:src/app/express/prime-request-context.js
FN:3,primeRequestContext
FNF:1
FNH:1
FNDA:1,primeRequestContext
DA:1,1
DA:4,1
DA:8,1
DA:11,1
LF:4
LH:4
BRF:0
BRH:0
end_of_record
TN:
SF:src/app/register-users/ensure-there-was-no-existing-identity.js
FN:3,ensureThereWasNoExistingIdenity
FNF:1
FNH:1
FNDA:1,ensureThereWasNoExistingIdenity
DA:1,1
DA:4,1
DA:5,0
DA:8,1
DA:11,1
LF:5
LH:4
BRDA:4,0,0,0
BRDA:4,0,1,1
BRF:2
BRH:1
end_of_record
TN:
SF:src/app/register-users/hash-password.js
FN:6,hashPassword
FN:15,(anonymous_1)
FNF:2
FNH:2
FNDA:2,hashPassword
FNDA:1,(anonymous_1)
DA:1,2
DA:4,2
DA:7,2
DA:8,1
DA:11,1
DA:15,1
DA:16,1
DA:17,1
DA:19,1
DA:22,2
LF:10
LH:10
BRDA:7,0,0,1
BRDA:7,0,1,1
BRF:2
BRH:2
end_of_record
TN:
SF:src/app/register-users/index.js
FN:22,createActions
FN:31,registerUser
FN:62,(anonymous_2)
FN:72,createHandlers
FN:73,handleRegistrationForm
FN:78,handleRegistrationComplete
FN:82,handleRegisterUser
FN:91,(anonymous_7)
FN:92,(anonymous_8)
FN:107,createQueries
FN:108,byEmail
FN:110,(anonymous_11)
FN:112,(anonymous_12)
FN:118,build
FNF:14
FNH:5
FNDA:5,createActions
FNDA:49,registerUser
FNDA:0,(anonymous_2)
FNDA:5,createHandlers
FNDA:0,handleRegistrationForm
FNDA:0,handleRegistrationComplete
FNDA:0,handleRegisterUser
FNDA:0,(anonymous_7)
FNDA:0,(anonymous_8)
FNDA:5,createQueries
FNDA:0,byEmail
FNDA:0,(anonymous_11)
FNDA:0,(anonymous_12)
FNDA:10,build
DA:1,1
DA:2,1
DA:3,1
DA:5,1
DA:8,1
DA:11,1
DA:12,1
DA:13,1
DA:14,1
DA:15,1
DA:16,1
DA:18,1
DA:19,1
DA:20,1
DA:32,49
DA:33,8
DA:36,41
DA:37,28
DA:40,13
DA:45,9
DA:50,4
DA:51,3
DA:54,1
DA:56,1
DA:63,0
DA:67,5
DA:74,0
DA:75,0
DA:79,0
DA:83,0
DA:89,0
DA:91,0
DA:93,0
DA:100,5
DA:109,0
DA:110,0
DA:112,0
DA:115,5
DA:119,10
DA:120,1
DA:123,9
DA:124,1
DA:127,8
DA:128,1
DA:131,7
DA:132,1
DA:135,6
DA:136,1
DA:140,5
DA:141,5
DA:142,5
DA:144,5
DA:146,5
DA:154,5
DA:160,5
DA:168,1
LF:56
LH:45
BRDA:32,0,0,8
BRDA:32,0,1,41
BRDA:36,1,0,28
BRDA:36,1,1,13
BRDA:40,2,0,9
BRDA:40,2,1,4
BRDA:41,3,0,13
BRDA:41,3,1,8
BRDA:41,3,2,4
BRDA:41,3,3,4
BRDA:50,4,0,3
BRDA:50,4,1,1
BRDA:119,5,0,1
BRDA:119,5,1,9
BRDA:119,6,0,10
BRDA:119,6,1,9
BRDA:123,7,0,1
BRDA:123,7,1,8
BRDA:127,8,0,1
BRDA:127,8,1,7
BRDA:131,9,0,1
BRDA:131,9,1,6
BRDA:135,10,0,1
BRDA:135,10,1,5
BRF:24
BRH:24
end_of_record
TN:
SF:src/app/register-users/load-existing-identity.js
FN:3,loadExistingIdentity
FN:24,(anonymous_1)
FNF:2
FNH:2
FNDA:25,loadExistingIdentity
FNDA:1,(anonymous_1)
DA:1,2
DA:4,25
DA:12,25
DA:17,24
DA:20,1
DA:22,1
DA:25,1
DA:27,1
DA:31,2
LF:9
LH:9
BRDA:12,0,0,24
BRDA:12,0,1,1
BRF:2
BRH:2
end_of_record
TN:
SF:src/app/register-users/shallow-validate.js
FN:20,shallowValidate
FNF:1
FNH:1
FNDA:28,shallowValidate
DA:1,2
DA:2,2
DA:4,2
DA:14,2
DA:16,2
DA:18,2
DA:21,28
DA:27,28
DA:28,25
DA:31,3
DA:32,3
DA:34,3
DA:35,1
DA:37,2
DA:40,2
LF:15
LH:15
BRDA:27,0,0,25
BRDA:27,0,1,3
BRDA:34,1,0,1
BRDA:34,1,1,2
BRF:4
BRH:4
end_of_record
TN:
SF:src/app/register-users/write-register-command.js
FN:5,writeRegisterCommand
FNF:1
FNH:1
FNDA:9,writeRegisterCommand
DA:1,2
DA:2,2
DA:3,2
DA:7,9
DA:8,6
DA:12,3
DA:13,3
DA:14,1
DA:16,2
DA:17,2
DA:18,2
DA:31,2
DA:32,2
DA:35,2
LF:14
LH:14
BRDA:7,0,0,6
BRDA:7,0,1,3
BRDA:7,1,0,9
BRDA:7,1,1,6
BRDA:7,1,2,3
BRDA:13,2,0,1
BRDA:13,2,1,2
BRF:7
BRH:7
end_of_record
TN:
SF:src/components/identity/already-registered-error.js
FN:9,AlreadyRegisteredError
FNF:1
FNH:0
FNDA:0,AlreadyRegisteredError
DA:10,0
DA:11,0
DA:12,0
DA:15,1
DA:16,1
DA:18,1
LF:6
LH:3
BRF:0
BRH:0
end_of_record
TN:
SF:src/components/identity/already-sent-registration-email-error.js
FN:1,AlreadySentRegistrationEmailError
FNF:1
FNH:0
FNDA:0,AlreadySentRegistrationEmailError
DA:2,0
DA:3,0
DA:4,0
DA:7,1
DA:8,1
DA:11,1
LF:6
LH:3
BRF:0
BRH:0
end_of_record
TN:
SF:src/components/identity/ensure-not-registered.js
FN:3,ensureNotRegistered
FNF:1
FNH:0
FNDA:0,ensureNotRegistered
DA:1,1
DA:4,0
DA:5,0
DA:8,0
DA:11,1
LF:5
LH:2
BRDA:4,0,0,0
BRDA:4,0,1,0
BRF:2
BRH:0
end_of_record
TN:
SF:src/components/identity/ensure-registration-email-not-sent.js
FN:4,ensureRegistrationEmailNotSent
FNF:1
FNH:0
FNDA:0,ensureRegistrationEmailNotSent
DA:2,1
DA:5,0
DA:6,0
DA:9,0
LF:4
LH:1
BRDA:5,0,0,0
BRDA:5,0,1,0
BRF:2
BRH:0
end_of_record
TN:
SF:src/components/identity/index.js
FN:13,createIdentityCommandHandlers
FN:16,(anonymous_1)
FN:27,(anonymous_2)
FN:32,createIdentityEventHandlers
FN:34,(anonymous_4)
FN:46,(anonymous_5)
FN:51,createSendEmailEventHandlers
FN:53,(anonymous_7)
FN:67,(anonymous_8)
FN:73,build
FN:96,start
FNF:11
FNH:0
FNDA:0,createIdentityCommandHandlers
FNDA:0,(anonymous_1)
FNDA:0,(anonymous_2)
FNDA:0,createIdentityEventHandlers
FNDA:0,(anonymous_4)
FNDA:0,(anonymous_5)
FNDA:0,createSendEmailEventHandlers
FNDA:0,(anonymous_7)
FNDA:0,(anonymous_8)
FNDA:0,build
FNDA:0,start
DA:1,1
DA:2,1
DA:3,1
DA:4,1
DA:5,1
DA:6,1
DA:7,1
DA:10,1
DA:15,0
DA:17,0
DA:23,0
DA:33,0
DA:35,0
DA:41,0
DA:52,0
DA:54,0
DA:55,0
DA:57,0
DA:63,0
DA:74,0
DA:75,0
DA:81,0
DA:82,0
DA:88,0
DA:89,0
DA:97,0
DA:98,0
DA:99,0
DA:102,0
DA:110,1
LF:30
LH:9
BRF:0
BRH:0
end_of_record
TN:
SF:src/components/identity/load-identity.js
FN:2,(anonymous_0)
FN:10,(anonymous_1)
FN:17,(anonymous_2)
FN:24,loadIdentity
FN:30,(anonymous_4)
FNF:5
FNH:0
FNDA:0,(anonymous_0)
FNDA:0,(anonymous_1)
FNDA:0,(anonymous_2)
FNDA:0,loadIdentity
FNDA:0,(anonymous_4)
DA:1,1
DA:3,0
DA:11,0
DA:12,0
DA:13,0
DA:15,0
DA:18,0
DA:20,0
DA:25,0
DA:26,0
DA:28,0
DA:31,0
DA:33,0
DA:37,1
LF:14
LH:2
BRF:0
BRH:0
end_of_record
TN:
SF:src/components/identity/render-registration-email.js
FN:8,renderEmail
FN:12,(anonymous_1)
FNF:2
FNH:0
FNDA:0,renderEmail
FNDA:0,(anonymous_1)
DA:1,1
DA:3,1
DA:5,1
DA:9,0
DA:11,0
DA:13,0
DA:15,0
DA:19,1
LF:8
LH:4
BRF:0
BRH:0
end_of_record
TN:
SF:src/components/identity/write-registered-event.js
FN:1,writeRegisteredEvent
FN:22,(anonymous_1)
FNF:2
FNH:0
FNDA:0,writeRegisteredEvent
FNDA:0,(anonymous_1)
DA:2,0
DA:4,0
DA:18,0
DA:20,0
DA:22,0
DA:25,1
LF:6
LH:1
BRF:0
BRH:0
end_of_record
TN:
SF:src/components/identity/write-send-command.js
FN:6,writeSendCommand
FN:32,(anonymous_1)
FNF:2
FNH:0
FNDA:0,writeSendCommand
FNDA:0,(anonymous_1)
DA:1,1
DA:2,1
DA:4,1
DA:7,0
DA:8,0
DA:9,0
DA:11,0
DA:13,0
DA:29,0
DA:30,0
DA:32,0
DA:35,1
LF:12
LH:4
BRF:0
BRH:0
end_of_record
TN:
SF:src/core/domain/Types.ts
FN:17,toUrlString
FN:32,(anonymous_2)
FN:35,(anonymous_3)
FNF:3
FNH:3
FNDA:27,toUrlString
FNDA:27,(anonymous_2)
FNDA:25,(anonymous_3)
DA:2,1
DA:3,1
DA:4,1
DA:18,27
DA:19,27
DA:23,3
DA:27,1
DA:33,27
DA:35,25
DA:38,27
DA:39,2
DA:40,2
DA:42,25
DA:55,1
LF:14
LH:14
BRDA:20,0,0,2
BRDA:20,0,1,22
BRDA:19,1,0,27
BRDA:19,1,1,23
BRDA:19,2,0,2
BRDA:19,2,1,25
BRDA:19,3,0,27
BRDA:19,3,1,26
BRDA:19,4,0,2
BRDA:19,4,1,21
BRDA:19,5,0,23
BRDA:19,5,1,22
BRDA:38,6,0,2
BRDA:38,6,1,25
BRF:14
BRH:14
end_of_record
TN:
SF:src/message-store/category.js
FN:1,category
FNF:1
FNH:0
FNDA:0,category
DA:3,0
DA:4,0
DA:7,0
DA:10,1
LF:4
LH:1
BRDA:3,0,0,0
BRDA:3,0,1,0
BRF:2
BRH:0
end_of_record
TN:
SF:src/message-store/deserialize-message.js
FN:6,deserializeMessage
FN:11,(anonymous_1)
FNF:2
FNH:2
FNDA:2,deserializeMessage
FNDA:2,(anonymous_1)
DA:7,2
DA:8,0
DA:11,2
DA:12,2
DA:13,2
DA:15,0
DA:18,2
DA:30,1
LF:8
LH:6
BRDA:7,0,0,0
BRDA:7,0,1,2
BRDA:25,1,0,0
BRDA:25,1,1,2
BRF:4
BRH:2
end_of_record
TN:
SF:src/message-store/read.js
FN:24,project
FN:25,(anonymous_1)
FN:34,createRead
FN:39,fetch
FN:40,(anonymous_4)
FN:43,readLastMessage
FN:44,(anonymous_6)
FN:57,read
FN:82,(anonymous_8)
FN:83,(anonymous_9)
FNF:10
FNH:3
FNDA:0,project
FNDA:0,(anonymous_1)
FNDA:7,createRead
FNDA:0,fetch
FNDA:0,(anonymous_4)
FNDA:0,readLastMessage
FNDA:0,(anonymous_6)
FNDA:25,read
FNDA:1,(anonymous_8)
FNDA:0,(anonymous_9)
DA:1,1
DA:4,1
DA:5,1
DA:7,1
DA:8,1
DA:25,0
DA:26,0
DA:27,0
DA:30,0
DA:35,7
DA:36,1
DA:40,0
DA:44,0
DA:45,0
DA:46,0
DA:58,25
DA:59,23
DA:61,2
DA:62,1
DA:66,1
DA:67,1
DA:69,1
DA:70,0
DA:71,0
DA:72,1
DA:73,0
DA:74,0
DA:76,1
DA:77,1
DA:80,1
DA:82,1
DA:84,0
DA:87,6
DA:94,1
LF:34
LH:21
BRDA:26,0,0,0
BRDA:26,0,1,0
BRDA:34,1,0,1
BRDA:34,2,0,1
BRDA:35,3,0,1
BRDA:35,3,1,6
BRDA:35,4,0,7
BRDA:35,4,1,1
BRDA:57,5,0,0
BRDA:57,6,0,1
BRDA:58,7,0,23
BRDA:58,7,1,2
BRDA:61,8,0,1
BRDA:61,8,1,1
BRDA:69,9,0,0
BRDA:69,9,1,1
BRDA:72,10,0,0
BRDA:72,10,1,1
BRF:18
BRH:13
end_of_record
TN:
SF:src/message-store/subscribe.js
FN:7,(anonymous_0)
FN:9,(anonymous_1)
FN:14,(anonymous_2)
FN:15,(anonymous_3)
FN:33,(anonymous_4)
FN:48,loadPosition
FN:50,(anonymous_6)
FN:55,writePosition
FN:68,start
FN:69,poll
FN:86,stop
FN:92,tick
FN:94,getNextBatchOfMessages
FN:95,filterOnOriginMatch
FN:100,(anonymous_14)
FN:112,processBatch
FN:113,handleMessage
FN:119,updateReadPosition
FN:135,(anonymous_18)
FN:137,(anonymous_19)
FN:138,(anonymous_20)
FN:139,logError
FN:154,(anonymous_22)
FN:159,(anonymous_23)
FNF:24
FNH:4
FNDA:0,(anonymous_0)
FNDA:1,(anonymous_1)
FNDA:77,(anonymous_2)
FNDA:74,(anonymous_3)
FNDA:30,(anonymous_4)
FNDA:0,loadPosition
FNDA:0,(anonymous_6)
FNDA:0,writePosition
FNDA:0,start
FNDA:0,poll
FNDA:0,stop
FNDA:0,tick
FNDA:0,getNextBatchOfMessages
FNDA:0,filterOnOriginMatch
FNDA:0,(anonymous_14)
FNDA:0,processBatch
FNDA:0,handleMessage
FNDA:0,updateReadPosition
FNDA:0,(anonymous_18)
FNDA:0,(anonymous_19)
FNDA:0,(anonymous_20)
FNDA:0,logError
FNDA:0,(anonymous_22)
FNDA:0,(anonymous_23)
DA:1,1
DA:2,1
DA:3,1
DA:4,1
DA:5,1
DA:7,1
DA:9,1
DA:11,1
DA:14,1
DA:15,77
DA:27,74
DA:28,23
DA:31,51
DA:34,30
DA:38,23
DA:41,28
DA:42,25
DA:45,3
DA:46,3
DA:49,0
DA:51,0
DA:56,0
DA:57,0
DA:59,0
DA:65,0
DA:70,0
DA:72,0
DA:73,0
DA:75,0
DA:76,0
DA:81,0
DA:83,0
DA:87,0
DA:89,0
DA:96,0
DA:97,0
DA:100,0
DA:102,0
DA:104,0
DA:108,0
DA:114,0
DA:116,0
DA:120,0
DA:121,0
DA:123,0
DA:124,0
DA:126,0
DA:127,0
DA:129,0
DA:132,0
DA:135,0
DA:136,0
DA:137,0
DA:140,0
DA:148,0
DA:151,0
DA:154,0
DA:157,0
DA:160,0
DA:161,0
DA:164,3
DA:172,77
DA:174,1
DA:177,1
LF:64
LH:23
BRDA:18,0,0,74
BRDA:20,1,0,74
BRDA:21,2,0,74
BRDA:22,3,0,74
BRDA:27,4,0,23
BRDA:27,4,1,51
BRDA:31,5,0,23
BRDA:31,5,1,28
BRDA:31,6,0,51
BRDA:31,6,1,28
BRDA:31,6,2,28
BRDA:34,7,0,30
BRDA:34,7,1,29
BRDA:41,8,0,25
BRDA:41,8,1,3
BRDA:41,9,0,28
BRDA:41,9,1,4
BRDA:51,10,0,0
BRDA:51,10,1,0
BRDA:56,11,0,0
BRDA:56,11,1,0
BRDA:56,12,0,0
BRDA:56,12,1,0
BRDA:75,13,0,0
BRDA:75,13,1,0
BRDA:96,14,0,0
BRDA:96,14,1,0
BRDA:102,15,0,0
BRDA:102,15,1,0
BRDA:114,16,0,0
BRDA:114,16,1,0
BRDA:116,17,0,0
BRDA:116,17,1,0
BRDA:120,18,0,0
BRDA:120,18,1,0
BRDA:120,19,0,0
BRDA:120,19,1,0
BRDA:126,20,0,0
BRDA:126,20,1,0
BRF:39
BRH:17
end_of_record
TN:
SF:src/utils/index.js
FN:1,isObject
FN:5,isEmptyObject
FN:12,objHasProps
FN:39,httpContextIsValid
FN:53,(anonymous_4)
FN:60,(anonymous_5)
FNF:6
FNH:6
FNDA:345,isObject
FNDA:60,isEmptyObject
FNDA:57,objHasProps
FNDA:105,httpContextIsValid
FNDA:9,(anonymous_4)
FNDA:6,(anonymous_5)
DA:2,345
DA:6,60
DA:7,7
DA:9,53
DA:14,57
DA:17,23
DA:19,34
DA:20,1
DA:24,33
DA:25,33
DA:26,143
DA:27,41
DA:29,102
DA:33,33
DA:34,9
DA:36,24
DA:40,105
DA:41,72
DA:43,33
DA:44,11
DA:46,22
DA:48,18
DA:50,4
DA:53,7
DA:54,9
DA:55,1
DA:57,8
DA:58,1
DA:60,7
DA:61,6
DA:66,7
LF:31
LH:31
BRDA:6,0,0,7
BRDA:6,0,1,53
BRDA:14,1,0,23
BRDA:14,1,1,34
BRDA:14,2,0,57
BRDA:14,2,1,36
BRDA:14,2,2,34
BRDA:19,3,0,1
BRDA:19,3,1,33
BRDA:26,4,0,41
BRDA:26,4,1,102
BRDA:33,5,0,9
BRDA:33,5,1,24
BRDA:40,6,0,72
BRDA:40,6,1,33
BRDA:43,7,0,11
BRDA:43,7,1,22
BRDA:43,8,0,33
BRDA:43,8,1,27
BRDA:43,8,2,26
BRDA:46,9,0,18
BRDA:46,9,1,4
BRDA:54,10,0,1
BRDA:54,10,1,8
BRDA:57,11,0,1
BRDA:57,11,1,7
BRF:26
BRH:26
end_of_record
